                                 Started job on |	Dec 20 16:38:58
                             Started mapping on |	Dec 20 16:39:00
                                    Finished on |	Dec 20 17:01:13
       Mapping speed, Million of reads per hour |	79.24

                          Number of input reads |	29341657
                      Average input read length |	75
                                    UNIQUE READS:
                   Uniquely mapped reads number |	26007685
                        Uniquely mapped reads % |	88.64%
                          Average mapped length |	75.75
                       Number of splices: Total |	5270832
            Number of splices: Annotated (sjdb) |	0
                       Number of splices: GT/AG |	5224304
                       Number of splices: GC/AG |	43783
                       Number of splices: AT/AC |	2554
               Number of splices: Non-canonical |	191
                      Mismatch rate per base, % |	0.10%
                         Deletion rate per base |	0.00%
                        Deletion average length |	1.31
                        Insertion rate per base |	0.00%
                       Insertion average length |	1.08
                             MULTI-MAPPING READS:
        Number of reads mapped to multiple loci |	1364694
             % of reads mapped to multiple loci |	4.65%
        Number of reads mapped to too many loci |	2019
             % of reads mapped to too many loci |	0.01%
                                  UNMAPPED READS:
  Number of reads unmapped: too many mismatches |	28797
       % of reads unmapped: too many mismatches |	0.10%
            Number of reads unmapped: too short |	1938461
                 % of reads unmapped: too short |	6.61%
                Number of reads unmapped: other |	1
                     % of reads unmapped: other |	0.00%
                                  CHIMERIC READS:
                       Number of chimeric reads |	0
                            % of chimeric reads |	0.00%
