                                 Started job on |	Dec 20 16:43:28
                             Started mapping on |	Dec 20 16:43:35
                                    Finished on |	Dec 20 16:58:34
       Mapping speed, Million of reads per hour |	84.02

                          Number of input reads |	20982903
                      Average input read length |	75
                                    UNIQUE READS:
                   Uniquely mapped reads number |	19407097
                        Uniquely mapped reads % |	92.49%
                          Average mapped length |	75.75
                       Number of splices: Total |	4004596
            Number of splices: Annotated (sjdb) |	0
                       Number of splices: GT/AG |	3963819
                       Number of splices: GC/AG |	39455
                       Number of splices: AT/AC |	1178
               Number of splices: Non-canonical |	144
                      Mismatch rate per base, % |	0.10%
                         Deletion rate per base |	0.01%
                        Deletion average length |	1.34
                        Insertion rate per base |	0.00%
                       Insertion average length |	1.10
                             MULTI-MAPPING READS:
        Number of reads mapped to multiple loci |	409760
             % of reads mapped to multiple loci |	1.95%
        Number of reads mapped to too many loci |	709
             % of reads mapped to too many loci |	0.00%
                                  UNMAPPED READS:
  Number of reads unmapped: too many mismatches |	23980
       % of reads unmapped: too many mismatches |	0.11%
            Number of reads unmapped: too short |	1141356
                 % of reads unmapped: too short |	5.44%
                Number of reads unmapped: other |	1
                     % of reads unmapped: other |	0.00%
                                  CHIMERIC READS:
                       Number of chimeric reads |	0
                            % of chimeric reads |	0.00%
