                                 Started job on |	Dec 20 16:38:58
                             Started mapping on |	Dec 20 16:39:00
                                    Finished on |	Dec 20 16:57:34
       Mapping speed, Million of reads per hour |	76.73

                          Number of input reads |	23742995
                      Average input read length |	75
                                    UNIQUE READS:
                   Uniquely mapped reads number |	21529275
                        Uniquely mapped reads % |	90.68%
                          Average mapped length |	75.75
                       Number of splices: Total |	4341360
            Number of splices: Annotated (sjdb) |	0
                       Number of splices: GT/AG |	4303479
                       Number of splices: GC/AG |	35667
                       Number of splices: AT/AC |	2081
               Number of splices: Non-canonical |	133
                      Mismatch rate per base, % |	0.10%
                         Deletion rate per base |	0.00%
                        Deletion average length |	1.32
                        Insertion rate per base |	0.00%
                       Insertion average length |	1.09
                             MULTI-MAPPING READS:
        Number of reads mapped to multiple loci |	590129
             % of reads mapped to multiple loci |	2.49%
        Number of reads mapped to too many loci |	868
             % of reads mapped to too many loci |	0.00%
                                  UNMAPPED READS:
  Number of reads unmapped: too many mismatches |	24091
       % of reads unmapped: too many mismatches |	0.10%
            Number of reads unmapped: too short |	1598629
                 % of reads unmapped: too short |	6.73%
                Number of reads unmapped: other |	3
                     % of reads unmapped: other |	0.00%
                                  CHIMERIC READS:
                       Number of chimeric reads |	0
                            % of chimeric reads |	0.00%
