                                 Started job on |	Dec 20 16:38:57
                             Started mapping on |	Dec 20 16:38:58
                                    Finished on |	Dec 20 16:53:01
       Mapping speed, Million of reads per hour |	88.44

                          Number of input reads |	20708544
                      Average input read length |	75
                                    UNIQUE READS:
                   Uniquely mapped reads number |	18359679
                        Uniquely mapped reads % |	88.66%
                          Average mapped length |	75.74
                       Number of splices: Total |	3823301
            Number of splices: Annotated (sjdb) |	0
                       Number of splices: GT/AG |	3790120
                       Number of splices: GC/AG |	31182
                       Number of splices: AT/AC |	1846
               Number of splices: Non-canonical |	153
                      Mismatch rate per base, % |	0.11%
                         Deletion rate per base |	0.00%
                        Deletion average length |	1.31
                        Insertion rate per base |	0.00%
                       Insertion average length |	1.09
                             MULTI-MAPPING READS:
        Number of reads mapped to multiple loci |	534091
             % of reads mapped to multiple loci |	2.58%
        Number of reads mapped to too many loci |	813
             % of reads mapped to too many loci |	0.00%
                                  UNMAPPED READS:
  Number of reads unmapped: too many mismatches |	26232
       % of reads unmapped: too many mismatches |	0.13%
            Number of reads unmapped: too short |	1787728
                 % of reads unmapped: too short |	8.63%
                Number of reads unmapped: other |	1
                     % of reads unmapped: other |	0.00%
                                  CHIMERIC READS:
                       Number of chimeric reads |	0
                            % of chimeric reads |	0.00%
