                                 Started job on |	Dec 20 16:45:21
                             Started mapping on |	Dec 20 16:45:21
                                    Finished on |	Dec 20 16:56:24
       Mapping speed, Million of reads per hour |	84.19

                          Number of input reads |	15505059
                      Average input read length |	75
                                    UNIQUE READS:
                   Uniquely mapped reads number |	14353032
                        Uniquely mapped reads % |	92.57%
                          Average mapped length |	75.77
                       Number of splices: Total |	3066413
            Number of splices: Annotated (sjdb) |	0
                       Number of splices: GT/AG |	3038558
                       Number of splices: GC/AG |	26781
                       Number of splices: AT/AC |	970
               Number of splices: Non-canonical |	104
                      Mismatch rate per base, % |	0.09%
                         Deletion rate per base |	0.00%
                        Deletion average length |	1.33
                        Insertion rate per base |	0.00%
                       Insertion average length |	1.09
                             MULTI-MAPPING READS:
        Number of reads mapped to multiple loci |	451864
             % of reads mapped to multiple loci |	2.91%
        Number of reads mapped to too many loci |	402
             % of reads mapped to too many loci |	0.00%
                                  UNMAPPED READS:
  Number of reads unmapped: too many mismatches |	14846
       % of reads unmapped: too many mismatches |	0.10%
            Number of reads unmapped: too short |	684915
                 % of reads unmapped: too short |	4.42%
                Number of reads unmapped: other |	0
                     % of reads unmapped: other |	0.00%
                                  CHIMERIC READS:
                       Number of chimeric reads |	0
                            % of chimeric reads |	0.00%
