                                 Started job on |	Dec 20 16:45:20
                             Started mapping on |	Dec 20 16:45:20
                                    Finished on |	Dec 20 16:53:38
       Mapping speed, Million of reads per hour |	158.56

                          Number of input reads |	21934675
                      Average input read length |	75
                                    UNIQUE READS:
                   Uniquely mapped reads number |	20224400
                        Uniquely mapped reads % |	92.20%
                          Average mapped length |	75.76
                       Number of splices: Total |	4000223
            Number of splices: Annotated (sjdb) |	0
                       Number of splices: GT/AG |	3966257
                       Number of splices: GC/AG |	32378
                       Number of splices: AT/AC |	1449
               Number of splices: Non-canonical |	139
                      Mismatch rate per base, % |	0.10%
                         Deletion rate per base |	0.01%
                        Deletion average length |	1.34
                        Insertion rate per base |	0.00%
                       Insertion average length |	1.09
                             MULTI-MAPPING READS:
        Number of reads mapped to multiple loci |	698712
             % of reads mapped to multiple loci |	3.19%
        Number of reads mapped to too many loci |	503
             % of reads mapped to too many loci |	0.00%
                                  UNMAPPED READS:
  Number of reads unmapped: too many mismatches |	21591
       % of reads unmapped: too many mismatches |	0.10%
            Number of reads unmapped: too short |	989468
                 % of reads unmapped: too short |	4.51%
                Number of reads unmapped: other |	1
                     % of reads unmapped: other |	0.00%
                                  CHIMERIC READS:
                       Number of chimeric reads |	0
                            % of chimeric reads |	0.00%
