                                 Started job on |	Dec 20 16:43:28
                             Started mapping on |	Dec 20 16:43:35
                                    Finished on |	Dec 20 16:58:29
       Mapping speed, Million of reads per hour |	88.98

                          Number of input reads |	22097834
                      Average input read length |	75
                                    UNIQUE READS:
                   Uniquely mapped reads number |	19996905
                        Uniquely mapped reads % |	90.49%
                          Average mapped length |	75.76
                       Number of splices: Total |	4085664
            Number of splices: Annotated (sjdb) |	0
                       Number of splices: GT/AG |	4050921
                       Number of splices: GC/AG |	32295
                       Number of splices: AT/AC |	2286
               Number of splices: Non-canonical |	162
                      Mismatch rate per base, % |	0.10%
                         Deletion rate per base |	0.01%
                        Deletion average length |	1.35
                        Insertion rate per base |	0.00%
                       Insertion average length |	1.09
                             MULTI-MAPPING READS:
        Number of reads mapped to multiple loci |	728331
             % of reads mapped to multiple loci |	3.30%
        Number of reads mapped to too many loci |	1463
             % of reads mapped to too many loci |	0.01%
                                  UNMAPPED READS:
  Number of reads unmapped: too many mismatches |	21791
       % of reads unmapped: too many mismatches |	0.10%
            Number of reads unmapped: too short |	1349341
                 % of reads unmapped: too short |	6.11%
                Number of reads unmapped: other |	3
                     % of reads unmapped: other |	0.00%
                                  CHIMERIC READS:
                       Number of chimeric reads |	0
                            % of chimeric reads |	0.00%
