                                 Started job on |	Dec 20 16:38:50
                             Started mapping on |	Dec 20 16:38:51
                                    Finished on |	Dec 20 16:42:44
       Mapping speed, Million of reads per hour |	210.60

                          Number of input reads |	13630617
                      Average input read length |	75
                                    UNIQUE READS:
                   Uniquely mapped reads number |	12566819
                        Uniquely mapped reads % |	92.20%
                          Average mapped length |	75.76
                       Number of splices: Total |	2558953
            Number of splices: Annotated (sjdb) |	0
                       Number of splices: GT/AG |	2536286
                       Number of splices: GC/AG |	21701
                       Number of splices: AT/AC |	858
               Number of splices: Non-canonical |	108
                      Mismatch rate per base, % |	0.10%
                         Deletion rate per base |	0.01%
                        Deletion average length |	1.34
                        Insertion rate per base |	0.00%
                       Insertion average length |	1.10
                             MULTI-MAPPING READS:
        Number of reads mapped to multiple loci |	377838
             % of reads mapped to multiple loci |	2.77%
        Number of reads mapped to too many loci |	350
             % of reads mapped to too many loci |	0.00%
                                  UNMAPPED READS:
  Number of reads unmapped: too many mismatches |	13133
       % of reads unmapped: too many mismatches |	0.10%
            Number of reads unmapped: too short |	672477
                 % of reads unmapped: too short |	4.93%
                Number of reads unmapped: other |	0
                     % of reads unmapped: other |	0.00%
                                  CHIMERIC READS:
                       Number of chimeric reads |	0
                            % of chimeric reads |	0.00%
