                                 Started job on |	Dec 20 16:39:01
                             Started mapping on |	Dec 20 16:39:02
                                    Finished on |	Dec 20 17:00:40
       Mapping speed, Million of reads per hour |	57.69

                          Number of input reads |	20798798
                      Average input read length |	75
                                    UNIQUE READS:
                   Uniquely mapped reads number |	18927658
                        Uniquely mapped reads % |	91.00%
                          Average mapped length |	75.77
                       Number of splices: Total |	4005795
            Number of splices: Annotated (sjdb) |	0
                       Number of splices: GT/AG |	3971533
                       Number of splices: GC/AG |	31952
                       Number of splices: AT/AC |	2153
               Number of splices: Non-canonical |	157
                      Mismatch rate per base, % |	0.10%
                         Deletion rate per base |	0.00%
                        Deletion average length |	1.32
                        Insertion rate per base |	0.00%
                       Insertion average length |	1.09
                             MULTI-MAPPING READS:
        Number of reads mapped to multiple loci |	557037
             % of reads mapped to multiple loci |	2.68%
        Number of reads mapped to too many loci |	1106
             % of reads mapped to too many loci |	0.01%
                                  UNMAPPED READS:
  Number of reads unmapped: too many mismatches |	22789
       % of reads unmapped: too many mismatches |	0.11%
            Number of reads unmapped: too short |	1290207
                 % of reads unmapped: too short |	6.20%
                Number of reads unmapped: other |	1
                     % of reads unmapped: other |	0.00%
                                  CHIMERIC READS:
                       Number of chimeric reads |	0
                            % of chimeric reads |	0.00%
