                                 Started job on |	Dec 20 16:38:58
                             Started mapping on |	Dec 20 16:38:58
                                    Finished on |	Dec 20 16:58:21
       Mapping speed, Million of reads per hour |	78.10

                          Number of input reads |	25229688
                      Average input read length |	75
                                    UNIQUE READS:
                   Uniquely mapped reads number |	22681193
                        Uniquely mapped reads % |	89.90%
                          Average mapped length |	75.76
                       Number of splices: Total |	4682846
            Number of splices: Annotated (sjdb) |	0
                       Number of splices: GT/AG |	4643224
                       Number of splices: GC/AG |	36955
                       Number of splices: AT/AC |	2492
               Number of splices: Non-canonical |	175
                      Mismatch rate per base, % |	0.09%
                         Deletion rate per base |	0.00%
                        Deletion average length |	1.32
                        Insertion rate per base |	0.00%
                       Insertion average length |	1.09
                             MULTI-MAPPING READS:
        Number of reads mapped to multiple loci |	770651
             % of reads mapped to multiple loci |	3.05%
        Number of reads mapped to too many loci |	1747
             % of reads mapped to too many loci |	0.01%
                                  UNMAPPED READS:
  Number of reads unmapped: too many mismatches |	24192
       % of reads unmapped: too many mismatches |	0.10%
            Number of reads unmapped: too short |	1751904
                 % of reads unmapped: too short |	6.94%
                Number of reads unmapped: other |	1
                     % of reads unmapped: other |	0.00%
                                  CHIMERIC READS:
                       Number of chimeric reads |	0
                            % of chimeric reads |	0.00%
