                                 Started job on |	Dec 20 16:38:41
                             Started mapping on |	Dec 20 16:38:46
                                    Finished on |	Dec 20 16:46:16
       Mapping speed, Million of reads per hour |	184.42

                          Number of input reads |	23052920
                      Average input read length |	75
                                    UNIQUE READS:
                   Uniquely mapped reads number |	21265400
                        Uniquely mapped reads % |	92.25%
                          Average mapped length |	75.76
                       Number of splices: Total |	4516879
            Number of splices: Annotated (sjdb) |	0
                       Number of splices: GT/AG |	4476406
                       Number of splices: GC/AG |	38986
                       Number of splices: AT/AC |	1331
               Number of splices: Non-canonical |	156
                      Mismatch rate per base, % |	0.09%
                         Deletion rate per base |	0.00%
                        Deletion average length |	1.33
                        Insertion rate per base |	0.00%
                       Insertion average length |	1.09
                             MULTI-MAPPING READS:
        Number of reads mapped to multiple loci |	730900
             % of reads mapped to multiple loci |	3.17%
        Number of reads mapped to too many loci |	427
             % of reads mapped to too many loci |	0.00%
                                  UNMAPPED READS:
  Number of reads unmapped: too many mismatches |	21377
       % of reads unmapped: too many mismatches |	0.09%
            Number of reads unmapped: too short |	1034815
                 % of reads unmapped: too short |	4.49%
                Number of reads unmapped: other |	1
                     % of reads unmapped: other |	0.00%
                                  CHIMERIC READS:
                       Number of chimeric reads |	0
                            % of chimeric reads |	0.00%
