                                 Started job on |	Dec 20 16:38:58
                             Started mapping on |	Dec 20 16:39:00
                                    Finished on |	Dec 20 17:00:12
       Mapping speed, Million of reads per hour |	42.36

                          Number of input reads |	14968616
                      Average input read length |	75
                                    UNIQUE READS:
                   Uniquely mapped reads number |	13878811
                        Uniquely mapped reads % |	92.72%
                          Average mapped length |	75.76
                       Number of splices: Total |	2883197
            Number of splices: Annotated (sjdb) |	0
                       Number of splices: GT/AG |	2857825
                       Number of splices: GC/AG |	24248
                       Number of splices: AT/AC |	1042
               Number of splices: Non-canonical |	82
                      Mismatch rate per base, % |	0.09%
                         Deletion rate per base |	0.01%
                        Deletion average length |	1.33
                        Insertion rate per base |	0.00%
                       Insertion average length |	1.10
                             MULTI-MAPPING READS:
        Number of reads mapped to multiple loci |	397916
             % of reads mapped to multiple loci |	2.66%
        Number of reads mapped to too many loci |	322
             % of reads mapped to too many loci |	0.00%
                                  UNMAPPED READS:
  Number of reads unmapped: too many mismatches |	15230
       % of reads unmapped: too many mismatches |	0.10%
            Number of reads unmapped: too short |	676337
                 % of reads unmapped: too short |	4.52%
                Number of reads unmapped: other |	0
                     % of reads unmapped: other |	0.00%
                                  CHIMERIC READS:
                       Number of chimeric reads |	0
                            % of chimeric reads |	0.00%
