                                 Started job on |	Dec 20 16:45:21
                             Started mapping on |	Dec 20 16:45:30
                                    Finished on |	Dec 20 16:56:38
       Mapping speed, Million of reads per hour |	138.48

                          Number of input reads |	25696349
                      Average input read length |	75
                                    UNIQUE READS:
                   Uniquely mapped reads number |	23396097
                        Uniquely mapped reads % |	91.05%
                          Average mapped length |	75.76
                       Number of splices: Total |	4783308
            Number of splices: Annotated (sjdb) |	0
                       Number of splices: GT/AG |	4742428
                       Number of splices: GC/AG |	37769
                       Number of splices: AT/AC |	2928
               Number of splices: Non-canonical |	183
                      Mismatch rate per base, % |	0.10%
                         Deletion rate per base |	0.01%
                        Deletion average length |	1.33
                        Insertion rate per base |	0.00%
                       Insertion average length |	1.09
                             MULTI-MAPPING READS:
        Number of reads mapped to multiple loci |	736301
             % of reads mapped to multiple loci |	2.87%
        Number of reads mapped to too many loci |	1464
             % of reads mapped to too many loci |	0.01%
                                  UNMAPPED READS:
  Number of reads unmapped: too many mismatches |	26227
       % of reads unmapped: too many mismatches |	0.10%
            Number of reads unmapped: too short |	1536260
                 % of reads unmapped: too short |	5.98%
                Number of reads unmapped: other |	0
                     % of reads unmapped: other |	0.00%
                                  CHIMERIC READS:
                       Number of chimeric reads |	0
                            % of chimeric reads |	0.00%
