                                 Started job on |	Dec 20 16:39:01
                             Started mapping on |	Dec 20 16:39:02
                                    Finished on |	Dec 20 16:59:43
       Mapping speed, Million of reads per hour |	64.37

                          Number of input reads |	22190539
                      Average input read length |	75
                                    UNIQUE READS:
                   Uniquely mapped reads number |	20039313
                        Uniquely mapped reads % |	90.31%
                          Average mapped length |	75.76
                       Number of splices: Total |	4162964
            Number of splices: Annotated (sjdb) |	0
                       Number of splices: GT/AG |	4128233
                       Number of splices: GC/AG |	32433
                       Number of splices: AT/AC |	2128
               Number of splices: Non-canonical |	170
                      Mismatch rate per base, % |	0.10%
                         Deletion rate per base |	0.01%
                        Deletion average length |	1.33
                        Insertion rate per base |	0.00%
                       Insertion average length |	1.08
                             MULTI-MAPPING READS:
        Number of reads mapped to multiple loci |	620499
             % of reads mapped to multiple loci |	2.80%
        Number of reads mapped to too many loci |	2434
             % of reads mapped to too many loci |	0.01%
                                  UNMAPPED READS:
  Number of reads unmapped: too many mismatches |	22819
       % of reads unmapped: too many mismatches |	0.10%
            Number of reads unmapped: too short |	1505474
                 % of reads unmapped: too short |	6.78%
                Number of reads unmapped: other |	0
                     % of reads unmapped: other |	0.00%
                                  CHIMERIC READS:
                       Number of chimeric reads |	0
                            % of chimeric reads |	0.00%
