                                 Started job on |	Dec 20 16:39:01
                             Started mapping on |	Dec 20 16:39:03
                                    Finished on |	Dec 20 16:59:49
       Mapping speed, Million of reads per hour |	56.87

                          Number of input reads |	19683351
                      Average input read length |	75
                                    UNIQUE READS:
                   Uniquely mapped reads number |	18130346
                        Uniquely mapped reads % |	92.11%
                          Average mapped length |	75.76
                       Number of splices: Total |	3835593
            Number of splices: Annotated (sjdb) |	0
                       Number of splices: GT/AG |	3801277
                       Number of splices: GC/AG |	33052
                       Number of splices: AT/AC |	1117
               Number of splices: Non-canonical |	147
                      Mismatch rate per base, % |	0.09%
                         Deletion rate per base |	0.00%
                        Deletion average length |	1.34
                        Insertion rate per base |	0.00%
                       Insertion average length |	1.09
                             MULTI-MAPPING READS:
        Number of reads mapped to multiple loci |	622538
             % of reads mapped to multiple loci |	3.16%
        Number of reads mapped to too many loci |	492
             % of reads mapped to too many loci |	0.00%
                                  UNMAPPED READS:
  Number of reads unmapped: too many mismatches |	18482
       % of reads unmapped: too many mismatches |	0.09%
            Number of reads unmapped: too short |	911493
                 % of reads unmapped: too short |	4.63%
                Number of reads unmapped: other |	0
                     % of reads unmapped: other |	0.00%
                                  CHIMERIC READS:
                       Number of chimeric reads |	0
                            % of chimeric reads |	0.00%
