                                 Started job on |	Dec 20 16:39:01
                             Started mapping on |	Dec 20 16:39:03
                                    Finished on |	Dec 20 16:59:46
       Mapping speed, Million of reads per hour |	57.67

                          Number of input reads |	19910667
                      Average input read length |	75
                                    UNIQUE READS:
                   Uniquely mapped reads number |	18396116
                        Uniquely mapped reads % |	92.39%
                          Average mapped length |	75.76
                       Number of splices: Total |	3821534
            Number of splices: Annotated (sjdb) |	0
                       Number of splices: GT/AG |	3786817
                       Number of splices: GC/AG |	33231
                       Number of splices: AT/AC |	1350
               Number of splices: Non-canonical |	136
                      Mismatch rate per base, % |	0.09%
                         Deletion rate per base |	0.00%
                        Deletion average length |	1.33
                        Insertion rate per base |	0.00%
                       Insertion average length |	1.10
                             MULTI-MAPPING READS:
        Number of reads mapped to multiple loci |	551043
             % of reads mapped to multiple loci |	2.77%
        Number of reads mapped to too many loci |	428
             % of reads mapped to too many loci |	0.00%
                                  UNMAPPED READS:
  Number of reads unmapped: too many mismatches |	18917
       % of reads unmapped: too many mismatches |	0.10%
            Number of reads unmapped: too short |	944161
                 % of reads unmapped: too short |	4.74%
                Number of reads unmapped: other |	2
                     % of reads unmapped: other |	0.00%
                                  CHIMERIC READS:
                       Number of chimeric reads |	0
                            % of chimeric reads |	0.00%
