                                 Started job on |	Dec 20 16:39:01
                             Started mapping on |	Dec 20 16:39:04
                                    Finished on |	Dec 20 16:55:16
       Mapping speed, Million of reads per hour |	82.90

                          Number of input reads |	22383097
                      Average input read length |	75
                                    UNIQUE READS:
                   Uniquely mapped reads number |	19871755
                        Uniquely mapped reads % |	88.78%
                          Average mapped length |	75.77
                       Number of splices: Total |	4067984
            Number of splices: Annotated (sjdb) |	0
                       Number of splices: GT/AG |	4032484
                       Number of splices: GC/AG |	33025
                       Number of splices: AT/AC |	2321
               Number of splices: Non-canonical |	154
                      Mismatch rate per base, % |	0.09%
                         Deletion rate per base |	0.00%
                        Deletion average length |	1.36
                        Insertion rate per base |	0.00%
                       Insertion average length |	1.08
                             MULTI-MAPPING READS:
        Number of reads mapped to multiple loci |	844971
             % of reads mapped to multiple loci |	3.78%
        Number of reads mapped to too many loci |	1515
             % of reads mapped to too many loci |	0.01%
                                  UNMAPPED READS:
  Number of reads unmapped: too many mismatches |	21485
       % of reads unmapped: too many mismatches |	0.10%
            Number of reads unmapped: too short |	1643370
                 % of reads unmapped: too short |	7.34%
                Number of reads unmapped: other |	1
                     % of reads unmapped: other |	0.00%
                                  CHIMERIC READS:
                       Number of chimeric reads |	0
                            % of chimeric reads |	0.00%
