                                 Started job on |	Dec 20 16:47:03
                             Started mapping on |	Dec 20 16:47:04
                                    Finished on |	Dec 20 16:52:59
       Mapping speed, Million of reads per hour |	242.67

                          Number of input reads |	23929507
                      Average input read length |	75
                                    UNIQUE READS:
                   Uniquely mapped reads number |	21774366
                        Uniquely mapped reads % |	90.99%
                          Average mapped length |	75.76
                       Number of splices: Total |	4463980
            Number of splices: Annotated (sjdb) |	0
                       Number of splices: GT/AG |	4426550
                       Number of splices: GC/AG |	34649
                       Number of splices: AT/AC |	2615
               Number of splices: Non-canonical |	166
                      Mismatch rate per base, % |	0.10%
                         Deletion rate per base |	0.00%
                        Deletion average length |	1.32
                        Insertion rate per base |	0.00%
                       Insertion average length |	1.09
                             MULTI-MAPPING READS:
        Number of reads mapped to multiple loci |	515765
             % of reads mapped to multiple loci |	2.16%
        Number of reads mapped to too many loci |	1564
             % of reads mapped to too many loci |	0.01%
                                  UNMAPPED READS:
  Number of reads unmapped: too many mismatches |	24393
       % of reads unmapped: too many mismatches |	0.10%
            Number of reads unmapped: too short |	1613418
                 % of reads unmapped: too short |	6.74%
                Number of reads unmapped: other |	1
                     % of reads unmapped: other |	0.00%
                                  CHIMERIC READS:
                       Number of chimeric reads |	0
                            % of chimeric reads |	0.00%
