                                 Started job on |	Dec 20 16:39:01
                             Started mapping on |	Dec 20 16:39:02
                                    Finished on |	Dec 20 16:59:45
       Mapping speed, Million of reads per hour |	55.77

                          Number of input reads |	19256811
                      Average input read length |	75
                                    UNIQUE READS:
                   Uniquely mapped reads number |	17696692
                        Uniquely mapped reads % |	91.90%
                          Average mapped length |	75.75
                       Number of splices: Total |	3503448
            Number of splices: Annotated (sjdb) |	0
                       Number of splices: GT/AG |	3474012
                       Number of splices: GC/AG |	28172
                       Number of splices: AT/AC |	1133
               Number of splices: Non-canonical |	131
                      Mismatch rate per base, % |	0.10%
                         Deletion rate per base |	0.01%
                        Deletion average length |	1.34
                        Insertion rate per base |	0.00%
                       Insertion average length |	1.09
                             MULTI-MAPPING READS:
        Number of reads mapped to multiple loci |	670740
             % of reads mapped to multiple loci |	3.48%
        Number of reads mapped to too many loci |	473
             % of reads mapped to too many loci |	0.00%
                                  UNMAPPED READS:
  Number of reads unmapped: too many mismatches |	20082
       % of reads unmapped: too many mismatches |	0.10%
            Number of reads unmapped: too short |	868823
                 % of reads unmapped: too short |	4.51%
                Number of reads unmapped: other |	1
                     % of reads unmapped: other |	0.00%
                                  CHIMERIC READS:
                       Number of chimeric reads |	0
                            % of chimeric reads |	0.00%
