                                 Started job on |	Dec 20 16:38:57
                             Started mapping on |	Dec 20 16:38:58
                                    Finished on |	Dec 20 16:55:01
       Mapping speed, Million of reads per hour |	84.47

                          Number of input reads |	22596255
                      Average input read length |	75
                                    UNIQUE READS:
                   Uniquely mapped reads number |	20387553
                        Uniquely mapped reads % |	90.23%
                          Average mapped length |	75.76
                       Number of splices: Total |	4158471
            Number of splices: Annotated (sjdb) |	0
                       Number of splices: GT/AG |	4124170
                       Number of splices: GC/AG |	32163
                       Number of splices: AT/AC |	2002
               Number of splices: Non-canonical |	136
                      Mismatch rate per base, % |	0.09%
                         Deletion rate per base |	0.00%
                        Deletion average length |	1.31
                        Insertion rate per base |	0.00%
                       Insertion average length |	1.09
                             MULTI-MAPPING READS:
        Number of reads mapped to multiple loci |	577508
             % of reads mapped to multiple loci |	2.56%
        Number of reads mapped to too many loci |	1492
             % of reads mapped to too many loci |	0.01%
                                  UNMAPPED READS:
  Number of reads unmapped: too many mismatches |	21694
       % of reads unmapped: too many mismatches |	0.10%
            Number of reads unmapped: too short |	1608006
                 % of reads unmapped: too short |	7.12%
                Number of reads unmapped: other |	2
                     % of reads unmapped: other |	0.00%
                                  CHIMERIC READS:
                       Number of chimeric reads |	0
                            % of chimeric reads |	0.00%
