                                 Started job on |	Dec 20 16:45:44
                             Started mapping on |	Dec 20 16:45:45
                                    Finished on |	Dec 20 16:53:46
       Mapping speed, Million of reads per hour |	150.43

                          Number of input reads |	20099769
                      Average input read length |	75
                                    UNIQUE READS:
                   Uniquely mapped reads number |	18551080
                        Uniquely mapped reads % |	92.29%
                          Average mapped length |	75.76
                       Number of splices: Total |	3865991
            Number of splices: Annotated (sjdb) |	0
                       Number of splices: GT/AG |	3832243
                       Number of splices: GC/AG |	31381
                       Number of splices: AT/AC |	2216
               Number of splices: Non-canonical |	151
                      Mismatch rate per base, % |	0.10%
                         Deletion rate per base |	0.00%
                        Deletion average length |	1.32
                        Insertion rate per base |	0.00%
                       Insertion average length |	1.09
                             MULTI-MAPPING READS:
        Number of reads mapped to multiple loci |	514659
             % of reads mapped to multiple loci |	2.56%
        Number of reads mapped to too many loci |	894
             % of reads mapped to too many loci |	0.00%
                                  UNMAPPED READS:
  Number of reads unmapped: too many mismatches |	21130
       % of reads unmapped: too many mismatches |	0.11%
            Number of reads unmapped: too short |	1012006
                 % of reads unmapped: too short |	5.03%
                Number of reads unmapped: other |	0
                     % of reads unmapped: other |	0.00%
                                  CHIMERIC READS:
                       Number of chimeric reads |	0
                            % of chimeric reads |	0.00%
