                                 Started job on |	Dec 20 16:39:01
                             Started mapping on |	Dec 20 16:39:02
                                    Finished on |	Dec 20 17:00:50
       Mapping speed, Million of reads per hour |	77.02

                          Number of input reads |	27983911
                      Average input read length |	75
                                    UNIQUE READS:
                   Uniquely mapped reads number |	25355795
                        Uniquely mapped reads % |	90.61%
                          Average mapped length |	75.77
                       Number of splices: Total |	5253904
            Number of splices: Annotated (sjdb) |	0
                       Number of splices: GT/AG |	5209587
                       Number of splices: GC/AG |	42562
                       Number of splices: AT/AC |	1555
               Number of splices: Non-canonical |	200
                      Mismatch rate per base, % |	0.09%
                         Deletion rate per base |	0.00%
                        Deletion average length |	1.34
                        Insertion rate per base |	0.00%
                       Insertion average length |	1.09
                             MULTI-MAPPING READS:
        Number of reads mapped to multiple loci |	1394743
             % of reads mapped to multiple loci |	4.98%
        Number of reads mapped to too many loci |	863
             % of reads mapped to too many loci |	0.00%
                                  UNMAPPED READS:
  Number of reads unmapped: too many mismatches |	26320
       % of reads unmapped: too many mismatches |	0.09%
            Number of reads unmapped: too short |	1206189
                 % of reads unmapped: too short |	4.31%
                Number of reads unmapped: other |	1
                     % of reads unmapped: other |	0.00%
                                  CHIMERIC READS:
                       Number of chimeric reads |	0
                            % of chimeric reads |	0.00%
