                                 Started job on |	Dec 20 16:38:58
                             Started mapping on |	Dec 20 16:39:00
                                    Finished on |	Dec 20 16:50:36
       Mapping speed, Million of reads per hour |	106.56

                          Number of input reads |	20601663
                      Average input read length |	75
                                    UNIQUE READS:
                   Uniquely mapped reads number |	18596428
                        Uniquely mapped reads % |	90.27%
                          Average mapped length |	75.76
                       Number of splices: Total |	3892888
            Number of splices: Annotated (sjdb) |	0
                       Number of splices: GT/AG |	3859137
                       Number of splices: GC/AG |	31484
                       Number of splices: AT/AC |	2102
               Number of splices: Non-canonical |	165
                      Mismatch rate per base, % |	0.10%
                         Deletion rate per base |	0.01%
                        Deletion average length |	1.34
                        Insertion rate per base |	0.00%
                       Insertion average length |	1.08
                             MULTI-MAPPING READS:
        Number of reads mapped to multiple loci |	533236
             % of reads mapped to multiple loci |	2.59%
        Number of reads mapped to too many loci |	1115
             % of reads mapped to too many loci |	0.01%
                                  UNMAPPED READS:
  Number of reads unmapped: too many mismatches |	23475
       % of reads unmapped: too many mismatches |	0.11%
            Number of reads unmapped: too short |	1447408
                 % of reads unmapped: too short |	7.03%
                Number of reads unmapped: other |	1
                     % of reads unmapped: other |	0.00%
                                  CHIMERIC READS:
                       Number of chimeric reads |	0
                            % of chimeric reads |	0.00%
