                                 Started job on |	Dec 20 16:25:56
                             Started mapping on |	Dec 20 16:26:01
                                    Finished on |	Dec 20 16:28:53
       Mapping speed, Million of reads per hour |	518.20

                          Number of input reads |	24758341
                      Average input read length |	75
                                    UNIQUE READS:
                   Uniquely mapped reads number |	21874373
                        Uniquely mapped reads % |	88.35%
                          Average mapped length |	75.76
                       Number of splices: Total |	4610330
            Number of splices: Annotated (sjdb) |	0
                       Number of splices: GT/AG |	4570756
                       Number of splices: GC/AG |	36587
                       Number of splices: AT/AC |	2783
               Number of splices: Non-canonical |	204
                      Mismatch rate per base, % |	0.10%
                         Deletion rate per base |	0.01%
                        Deletion average length |	1.32
                        Insertion rate per base |	0.00%
                       Insertion average length |	1.09
                             MULTI-MAPPING READS:
        Number of reads mapped to multiple loci |	602515
             % of reads mapped to multiple loci |	2.43%
        Number of reads mapped to too many loci |	1256
             % of reads mapped to too many loci |	0.01%
                                  UNMAPPED READS:
  Number of reads unmapped: too many mismatches |	24231
       % of reads unmapped: too many mismatches |	0.10%
            Number of reads unmapped: too short |	2255963
                 % of reads unmapped: too short |	9.11%
                Number of reads unmapped: other |	3
                     % of reads unmapped: other |	0.00%
                                  CHIMERIC READS:
                       Number of chimeric reads |	0
                            % of chimeric reads |	0.00%
