                                 Started job on |	Dec 20 16:39:00
                             Started mapping on |	Dec 20 16:39:01
                                    Finished on |	Dec 20 17:00:05
       Mapping speed, Million of reads per hour |	62.71

                          Number of input reads |	22017079
                      Average input read length |	75
                                    UNIQUE READS:
                   Uniquely mapped reads number |	20229946
                        Uniquely mapped reads % |	91.88%
                          Average mapped length |	75.77
                       Number of splices: Total |	4091452
            Number of splices: Annotated (sjdb) |	0
                       Number of splices: GT/AG |	4055985
                       Number of splices: GC/AG |	34149
                       Number of splices: AT/AC |	1176
               Number of splices: Non-canonical |	142
                      Mismatch rate per base, % |	0.09%
                         Deletion rate per base |	0.01%
                        Deletion average length |	1.34
                        Insertion rate per base |	0.00%
                       Insertion average length |	1.09
                             MULTI-MAPPING READS:
        Number of reads mapped to multiple loci |	715295
             % of reads mapped to multiple loci |	3.25%
        Number of reads mapped to too many loci |	519
             % of reads mapped to too many loci |	0.00%
                                  UNMAPPED READS:
  Number of reads unmapped: too many mismatches |	20628
       % of reads unmapped: too many mismatches |	0.09%
            Number of reads unmapped: too short |	1050690
                 % of reads unmapped: too short |	4.77%
                Number of reads unmapped: other |	1
                     % of reads unmapped: other |	0.00%
                                  CHIMERIC READS:
                       Number of chimeric reads |	0
                            % of chimeric reads |	0.00%
