                                 Started job on |	Dec 20 16:38:58
                             Started mapping on |	Dec 20 16:39:00
                                    Finished on |	Dec 20 17:00:43
       Mapping speed, Million of reads per hour |	57.29

                          Number of input reads |	20736462
                      Average input read length |	75
                                    UNIQUE READS:
                   Uniquely mapped reads number |	18696550
                        Uniquely mapped reads % |	90.16%
                          Average mapped length |	75.77
                       Number of splices: Total |	3844971
            Number of splices: Annotated (sjdb) |	0
                       Number of splices: GT/AG |	3812154
                       Number of splices: GC/AG |	29973
                       Number of splices: AT/AC |	2711
               Number of splices: Non-canonical |	133
                      Mismatch rate per base, % |	0.10%
                         Deletion rate per base |	0.00%
                        Deletion average length |	1.32
                        Insertion rate per base |	0.00%
                       Insertion average length |	1.09
                             MULTI-MAPPING READS:
        Number of reads mapped to multiple loci |	627287
             % of reads mapped to multiple loci |	3.03%
        Number of reads mapped to too many loci |	1769
             % of reads mapped to too many loci |	0.01%
                                  UNMAPPED READS:
  Number of reads unmapped: too many mismatches |	22077
       % of reads unmapped: too many mismatches |	0.11%
            Number of reads unmapped: too short |	1388778
                 % of reads unmapped: too short |	6.70%
                Number of reads unmapped: other |	1
                     % of reads unmapped: other |	0.00%
                                  CHIMERIC READS:
                       Number of chimeric reads |	0
                            % of chimeric reads |	0.00%
