                                 Started job on |	Dec 20 16:38:58
                             Started mapping on |	Dec 20 16:39:00
                                    Finished on |	Dec 20 16:55:29
       Mapping speed, Million of reads per hour |	75.49

                          Number of input reads |	20740102
                      Average input read length |	75
                                    UNIQUE READS:
                   Uniquely mapped reads number |	19023299
                        Uniquely mapped reads % |	91.72%
                          Average mapped length |	75.76
                       Number of splices: Total |	3865494
            Number of splices: Annotated (sjdb) |	0
                       Number of splices: GT/AG |	3831476
                       Number of splices: GC/AG |	32703
                       Number of splices: AT/AC |	1170
               Number of splices: Non-canonical |	145
                      Mismatch rate per base, % |	0.09%
                         Deletion rate per base |	0.00%
                        Deletion average length |	1.33
                        Insertion rate per base |	0.00%
                       Insertion average length |	1.09
                             MULTI-MAPPING READS:
        Number of reads mapped to multiple loci |	786513
             % of reads mapped to multiple loci |	3.79%
        Number of reads mapped to too many loci |	428
             % of reads mapped to too many loci |	0.00%
                                  UNMAPPED READS:
  Number of reads unmapped: too many mismatches |	19627
       % of reads unmapped: too many mismatches |	0.09%
            Number of reads unmapped: too short |	910235
                 % of reads unmapped: too short |	4.39%
                Number of reads unmapped: other |	0
                     % of reads unmapped: other |	0.00%
                                  CHIMERIC READS:
                       Number of chimeric reads |	0
                            % of chimeric reads |	0.00%
