                                 Started job on |	Dec 20 16:38:50
                             Started mapping on |	Dec 20 16:38:51
                                    Finished on |	Dec 20 16:49:18
       Mapping speed, Million of reads per hour |	139.79

                          Number of input reads |	24346803
                      Average input read length |	75
                                    UNIQUE READS:
                   Uniquely mapped reads number |	21805314
                        Uniquely mapped reads % |	89.56%
                          Average mapped length |	75.77
                       Number of splices: Total |	4392015
            Number of splices: Annotated (sjdb) |	0
                       Number of splices: GT/AG |	4355083
                       Number of splices: GC/AG |	34006
                       Number of splices: AT/AC |	2744
               Number of splices: Non-canonical |	182
                      Mismatch rate per base, % |	0.09%
                         Deletion rate per base |	0.01%
                        Deletion average length |	1.34
                        Insertion rate per base |	0.00%
                       Insertion average length |	1.09
                             MULTI-MAPPING READS:
        Number of reads mapped to multiple loci |	730063
             % of reads mapped to multiple loci |	3.00%
        Number of reads mapped to too many loci |	1673
             % of reads mapped to too many loci |	0.01%
                                  UNMAPPED READS:
  Number of reads unmapped: too many mismatches |	23939
       % of reads unmapped: too many mismatches |	0.10%
            Number of reads unmapped: too short |	1785812
                 % of reads unmapped: too short |	7.33%
                Number of reads unmapped: other |	2
                     % of reads unmapped: other |	0.00%
                                  CHIMERIC READS:
                       Number of chimeric reads |	0
                            % of chimeric reads |	0.00%
