                                 Started job on |	Dec 20 16:39:00
                             Started mapping on |	Dec 20 16:39:01
                                    Finished on |	Dec 20 16:59:56
       Mapping speed, Million of reads per hour |	62.95

                          Number of input reads |	21946092
                      Average input read length |	75
                                    UNIQUE READS:
                   Uniquely mapped reads number |	20035427
                        Uniquely mapped reads % |	91.29%
                          Average mapped length |	75.77
                       Number of splices: Total |	4183354
            Number of splices: Annotated (sjdb) |	0
                       Number of splices: GT/AG |	4149089
                       Number of splices: GC/AG |	31528
                       Number of splices: AT/AC |	2572
               Number of splices: Non-canonical |	165
                      Mismatch rate per base, % |	0.10%
                         Deletion rate per base |	0.01%
                        Deletion average length |	1.33
                        Insertion rate per base |	0.00%
                       Insertion average length |	1.08
                             MULTI-MAPPING READS:
        Number of reads mapped to multiple loci |	570746
             % of reads mapped to multiple loci |	2.60%
        Number of reads mapped to too many loci |	2577
             % of reads mapped to too many loci |	0.01%
                                  UNMAPPED READS:
  Number of reads unmapped: too many mismatches |	21912
       % of reads unmapped: too many mismatches |	0.10%
            Number of reads unmapped: too short |	1315429
                 % of reads unmapped: too short |	5.99%
                Number of reads unmapped: other |	1
                     % of reads unmapped: other |	0.00%
                                  CHIMERIC READS:
                       Number of chimeric reads |	0
                            % of chimeric reads |	0.00%
