                                 Started job on |	Dec 20 16:38:58
                             Started mapping on |	Dec 20 16:38:59
                                    Finished on |	Dec 20 16:45:03
       Mapping speed, Million of reads per hour |	206.24

                          Number of input reads |	20853600
                      Average input read length |	75
                                    UNIQUE READS:
                   Uniquely mapped reads number |	19317398
                        Uniquely mapped reads % |	92.63%
                          Average mapped length |	75.76
                       Number of splices: Total |	4129292
            Number of splices: Annotated (sjdb) |	0
                       Number of splices: GT/AG |	4091124
                       Number of splices: GC/AG |	36519
                       Number of splices: AT/AC |	1500
               Number of splices: Non-canonical |	149
                      Mismatch rate per base, % |	0.09%
                         Deletion rate per base |	0.00%
                        Deletion average length |	1.33
                        Insertion rate per base |	0.00%
                       Insertion average length |	1.10
                             MULTI-MAPPING READS:
        Number of reads mapped to multiple loci |	595550
             % of reads mapped to multiple loci |	2.86%
        Number of reads mapped to too many loci |	633
             % of reads mapped to too many loci |	0.00%
                                  UNMAPPED READS:
  Number of reads unmapped: too many mismatches |	19879
       % of reads unmapped: too many mismatches |	0.10%
            Number of reads unmapped: too short |	920138
                 % of reads unmapped: too short |	4.41%
                Number of reads unmapped: other |	2
                     % of reads unmapped: other |	0.00%
                                  CHIMERIC READS:
                       Number of chimeric reads |	0
                            % of chimeric reads |	0.00%
